<?xml version="1.0" encoding="UTF-8"?>
<testng-results skipped="0" failed="2" total="4" passed="2">
  <reporter-output>
  </reporter-output>
  <suite name="Default suite" duration-ms="37834" started-at="2020-03-13T09:19:33Z" finished-at="2020-03-13T09:20:11Z">
    <groups>
    </groups>
    <test name="Default test" duration-ms="37834" started-at="2020-03-13T09:19:33Z" finished-at="2020-03-13T09:20:11Z">
      <class name="com.jbk.Eproc.TestCases.RegistrationPageTest">
        <test-method status="PASS" signature="parentSetup()[pri:0, instance:com.jbk.Eproc.TestCases.RegistrationPageTest@153acfe]" name="parentSetup" is-config="true" duration-ms="6" started-at="2020-03-13T14:49:33Z" finished-at="2020-03-13T14:49:33Z">
          <reporter-output>
          </reporter-output>
        </test-method> <!-- parentSetup -->
        <test-method status="PASS" signature="openBrowser(java.lang.reflect.Method)[pri:0, instance:com.jbk.Eproc.TestCases.RegistrationPageTest@153acfe]" name="openBrowser" is-config="true" duration-ms="13907" started-at="2020-03-13T14:49:33Z" finished-at="2020-03-13T14:49:47Z">
          <params>
            <param index="0">
              <value>
                <![CDATA[public void com.jbk.Eproc.TestCases.RegistrationPageTest.checkRegistrationPageTitleTest()]]>
              </value>
            </param>
          </params>
          <reporter-output>
          </reporter-output>
        </test-method> <!-- openBrowser -->
        <test-method status="PASS" signature="checkRegistrationPageTitleTest()[pri:0, instance:com.jbk.Eproc.TestCases.RegistrationPageTest@153acfe]" name="checkRegistrationPageTitleTest" duration-ms="1498" started-at="2020-03-13T14:49:47Z" finished-at="2020-03-13T14:49:48Z">
          <reporter-output>
          </reporter-output>
        </test-method> <!-- checkRegistrationPageTitleTest -->
        <test-method status="PASS" signature="openBrowser(java.lang.reflect.Method)[pri:0, instance:com.jbk.Eproc.TestCases.RegistrationPageTest@153acfe]" name="openBrowser" is-config="true" duration-ms="16042" started-at="2020-03-13T14:49:48Z" finished-at="2020-03-13T14:50:05Z">
          <params>
            <param index="0">
              <value>
                <![CDATA[public void com.jbk.Eproc.TestCases.RegistrationPageTest.checkRegistrationPageHeaderTest()]]>
              </value>
            </param>
          </params>
          <reporter-output>
          </reporter-output>
        </test-method> <!-- openBrowser -->
        <test-method status="PASS" signature="checkRegistrationPageHeaderTest()[pri:0, instance:com.jbk.Eproc.TestCases.RegistrationPageTest@153acfe]" name="checkRegistrationPageHeaderTest" duration-ms="6363" started-at="2020-03-13T14:50:05Z" finished-at="2020-03-13T14:50:11Z">
          <reporter-output>
          </reporter-output>
        </test-method> <!-- checkRegistrationPageHeaderTest -->
      </class> <!-- com.jbk.Eproc.TestCases.RegistrationPageTest -->
      <class name="com.jbk.Eproc.TestCases.LoginPageTest">
        <test-method status="PASS" signature="loadProperties()[pri:0, instance:com.jbk.Eproc.TestCases.LoginPageTest@100a15d]" name="loadProperties" is-config="true" duration-ms="12" started-at="2020-03-13T14:49:33Z" finished-at="2020-03-13T14:49:33Z">
          <reporter-output>
          </reporter-output>
        </test-method> <!-- loadProperties -->
        <test-method status="PASS" signature="initialiseExtentReport()[pri:0, instance:com.jbk.Eproc.TestCases.LoginPageTest@100a15d]" name="initialiseExtentReport" is-config="true" duration-ms="265" started-at="2020-03-13T14:49:33Z" depends-on-methods="com.jbk.Eproc.Base.Base.loadProperties" finished-at="2020-03-13T14:49:33Z">
          <reporter-output>
          </reporter-output>
        </test-method> <!-- initialiseExtentReport -->
        <test-method status="PASS" signature="parentSetup()[pri:0, instance:com.jbk.Eproc.TestCases.LoginPageTest@100a15d]" name="parentSetup" is-config="true" duration-ms="7" started-at="2020-03-13T14:49:33Z" finished-at="2020-03-13T14:49:33Z">
          <reporter-output>
          </reporter-output>
        </test-method> <!-- parentSetup -->
        <test-method status="PASS" signature="openBrowser(java.lang.reflect.Method)[pri:0, instance:com.jbk.Eproc.TestCases.LoginPageTest@100a15d]" name="openBrowser" is-config="true" duration-ms="14198" started-at="2020-03-13T14:49:33Z" finished-at="2020-03-13T14:49:47Z">
          <params>
            <param index="0">
              <value>
                <![CDATA[public void com.jbk.Eproc.TestCases.LoginPageTest.loginPageTitleTest()]]>
              </value>
            </param>
          </params>
          <reporter-output>
          </reporter-output>
        </test-method> <!-- openBrowser -->
        <test-method status="FAIL" signature="loginPageTitleTest()[pri:0, instance:com.jbk.Eproc.TestCases.LoginPageTest@100a15d]" name="loginPageTitleTest" duration-ms="1193" started-at="2020-03-13T14:49:47Z" finished-at="2020-03-13T14:49:48Z">
          <exception class="java.lang.AssertionError">
            <message>
              <![CDATA[expected [true] but found [false]]]>
            </message>
            <full-stacktrace>
              <![CDATA[java.lang.AssertionError: expected [true] but found [false]
	at org.testng.Assert.fail(Assert.java:94)
	at org.testng.Assert.failNotEquals(Assert.java:494)
	at org.testng.Assert.assertTrue(Assert.java:42)
	at org.testng.Assert.assertTrue(Assert.java:52)
	at com.jbk.Eproc.TestCases.LoginPageTest.loginPageTitleTest(LoginPageTest.java:17)
	at sun.reflect.NativeMethodAccessorImpl.invoke0(Native Method)
	at sun.reflect.NativeMethodAccessorImpl.invoke(NativeMethodAccessorImpl.java:62)
	at sun.reflect.DelegatingMethodAccessorImpl.invoke(DelegatingMethodAccessorImpl.java:43)
	at java.lang.reflect.Method.invoke(Method.java:497)
	at org.testng.internal.MethodInvocationHelper.invokeMethod(MethodInvocationHelper.java:80)
	at org.testng.internal.Invoker.invokeMethod(Invoker.java:714)
	at org.testng.internal.Invoker.invokeTestMethod(Invoker.java:901)
	at org.testng.internal.Invoker.invokeTestMethods(Invoker.java:1231)
	at org.testng.internal.TestMethodWorker.invokeTestMethods(TestMethodWorker.java:127)
	at org.testng.internal.TestMethodWorker.run(TestMethodWorker.java:111)
	at java.util.concurrent.ThreadPoolExecutor.runWorker(ThreadPoolExecutor.java:1142)
	at java.util.concurrent.ThreadPoolExecutor$Worker.run(ThreadPoolExecutor.java:617)
	at java.lang.Thread.run(Thread.java:745)
]]>
            </full-stacktrace>
          </exception> <!-- java.lang.AssertionError -->
          <reporter-output>
          </reporter-output>
        </test-method> <!-- loginPageTitleTest -->
        <test-method status="PASS" signature="openBrowser(java.lang.reflect.Method)[pri:0, instance:com.jbk.Eproc.TestCases.LoginPageTest@100a15d]" name="openBrowser" is-config="true" duration-ms="16341" started-at="2020-03-13T14:49:49Z" finished-at="2020-03-13T14:50:05Z">
          <params>
            <param index="0">
              <value>
                <![CDATA[public void com.jbk.Eproc.TestCases.LoginPageTest.loginPageLogoTest()]]>
              </value>
            </param>
          </params>
          <reporter-output>
          </reporter-output>
        </test-method> <!-- openBrowser -->
        <test-method status="FAIL" signature="loginPageLogoTest()[pri:0, instance:com.jbk.Eproc.TestCases.LoginPageTest@100a15d]" name="loginPageLogoTest" duration-ms="5375" started-at="2020-03-13T14:50:05Z" finished-at="2020-03-13T14:50:10Z">
          <exception class="org.openqa.selenium.StaleElementReferenceException">
            <message>
              <![CDATA[stale element reference: element is not attached to the page document
  (Session info: chrome=78.0.3904.97)
For documentation on this error, please visit: http://seleniumhq.org/exceptions/stale_element_reference.html
Build info: version: '3.14.0', revision: 'aacccce0', time: '2018-08-02T20:19:58.91Z'
System info: host: 'DESKTOP-LE9U86J', ip: '192.168.0.126', os.name: 'Windows 8.1', os.arch: 'x86', os.version: '6.3', java.version: '1.8.0_45'
Driver info: org.openqa.selenium.chrome.ChromeDriver
Capabilities {acceptInsecureCerts: false, browserName: chrome, browserVersion: 78.0.3904.97, chrome: {chromedriverVersion: 78.0.3904.70 (edb9c9f3de024..., userDataDir: C:\Users\hp\AppData\Local\T...}, goog:chromeOptions: {debuggerAddress: localhost:52337}, javascriptEnabled: true, networkConnectionEnabled: false, pageLoadStrategy: normal, platform: XP, platformName: XP, proxy: Proxy(), setWindowRect: true, strictFileInteractability: false, timeouts: {implicit: 0, pageLoad: 300000, script: 30000}, unhandledPromptBehavior: dismiss and notify}
Session ID: 78e74533e1fb89bf2e2bc74c062075f4]]>
            </message>
            <full-stacktrace>
              <![CDATA[org.openqa.selenium.StaleElementReferenceException: stale element reference: element is not attached to the page document
  (Session info: chrome=78.0.3904.97)
For documentation on this error, please visit: http://seleniumhq.org/exceptions/stale_element_reference.html
Build info: version: '3.14.0', revision: 'aacccce0', time: '2018-08-02T20:19:58.91Z'
System info: host: 'DESKTOP-LE9U86J', ip: '192.168.0.126', os.name: 'Windows 8.1', os.arch: 'x86', os.version: '6.3', java.version: '1.8.0_45'
Driver info: org.openqa.selenium.chrome.ChromeDriver
Capabilities {acceptInsecureCerts: false, browserName: chrome, browserVersion: 78.0.3904.97, chrome: {chromedriverVersion: 78.0.3904.70 (edb9c9f3de024..., userDataDir: C:\Users\hp\AppData\Local\T...}, goog:chromeOptions: {debuggerAddress: localhost:52337}, javascriptEnabled: true, networkConnectionEnabled: false, pageLoadStrategy: normal, platform: XP, platformName: XP, proxy: Proxy(), setWindowRect: true, strictFileInteractability: false, timeouts: {implicit: 0, pageLoad: 300000, script: 30000}, unhandledPromptBehavior: dismiss and notify}
Session ID: 78e74533e1fb89bf2e2bc74c062075f4
	at sun.reflect.NativeConstructorAccessorImpl.newInstance0(Native Method)
	at sun.reflect.NativeConstructorAccessorImpl.newInstance(NativeConstructorAccessorImpl.java:62)
	at sun.reflect.DelegatingConstructorAccessorImpl.newInstance(DelegatingConstructorAccessorImpl.java:45)
	at java.lang.reflect.Constructor.newInstance(Constructor.java:422)
	at org.openqa.selenium.remote.http.W3CHttpResponseCodec.createException(W3CHttpResponseCodec.java:187)
	at org.openqa.selenium.remote.http.W3CHttpResponseCodec.decode(W3CHttpResponseCodec.java:122)
	at org.openqa.selenium.remote.http.W3CHttpResponseCodec.decode(W3CHttpResponseCodec.java:49)
	at org.openqa.selenium.remote.HttpCommandExecutor.execute(HttpCommandExecutor.java:158)
	at org.openqa.selenium.remote.service.DriverCommandExecutor.execute(DriverCommandExecutor.java:83)
	at org.openqa.selenium.remote.RemoteWebDriver.execute(RemoteWebDriver.java:548)
	at org.openqa.selenium.remote.RemoteWebElement.execute(RemoteWebElement.java:276)
	at org.openqa.selenium.remote.RemoteWebElement.getText(RemoteWebElement.java:160)
	at sun.reflect.NativeMethodAccessorImpl.invoke0(Native Method)
	at sun.reflect.NativeMethodAccessorImpl.invoke(NativeMethodAccessorImpl.java:62)
	at sun.reflect.DelegatingMethodAccessorImpl.invoke(DelegatingMethodAccessorImpl.java:43)
	at java.lang.reflect.Method.invoke(Method.java:497)
	at org.openqa.selenium.support.pagefactory.internal.LocatingElementHandler.invoke(LocatingElementHandler.java:51)
	at com.sun.proxy.$Proxy9.getText(Unknown Source)
	at com.jbk.Eproc.Pages.LoginPage.getLoginpageLogo(LoginPage.java:73)
	at com.jbk.Eproc.Pages.LoginPage.validateloginpageLogo(LoginPage.java:93)
	at com.jbk.Eproc.TestCases.LoginPageTest.loginPageLogoTest(LoginPageTest.java:30)
	at sun.reflect.NativeMethodAccessorImpl.invoke0(Native Method)
	at sun.reflect.NativeMethodAccessorImpl.invoke(NativeMethodAccessorImpl.java:62)
	at sun.reflect.DelegatingMethodAccessorImpl.invoke(DelegatingMethodAccessorImpl.java:43)
	at java.lang.reflect.Method.invoke(Method.java:497)
	at org.testng.internal.MethodInvocationHelper.invokeMethod(MethodInvocationHelper.java:80)
	at org.testng.internal.Invoker.invokeMethod(Invoker.java:714)
	at org.testng.internal.Invoker.invokeTestMethod(Invoker.java:901)
	at org.testng.internal.Invoker.invokeTestMethods(Invoker.java:1231)
	at org.testng.internal.TestMethodWorker.invokeTestMethods(TestMethodWorker.java:127)
	at org.testng.internal.TestMethodWorker.run(TestMethodWorker.java:111)
	at java.util.concurrent.ThreadPoolExecutor.runWorker(ThreadPoolExecutor.java:1142)
	at java.util.concurrent.ThreadPoolExecutor$Worker.run(ThreadPoolExecutor.java:617)
	at java.lang.Thread.run(Thread.java:745)
]]>
            </full-stacktrace>
          </exception> <!-- org.openqa.selenium.StaleElementReferenceException -->
          <reporter-output>
          </reporter-output>
        </test-method> <!-- loginPageLogoTest -->
        <test-method status="PASS" signature="endReport()[pri:0, instance:com.jbk.Eproc.TestCases.LoginPageTest@100a15d]" name="endReport" is-config="true" duration-ms="597" started-at="2020-03-13T14:50:11Z" finished-at="2020-03-13T14:50:12Z">
          <reporter-output>
          </reporter-output>
        </test-method> <!-- endReport -->
      </class> <!-- com.jbk.Eproc.TestCases.LoginPageTest -->
    </test> <!-- Default test -->
  </suite> <!-- Default suite -->
</testng-results>
